Plugins:
Bundled analyzers:
  - Python Code Quality and Security 3.24.0.10784 (python)
  - Go Code Quality and Security 1.11.0.3905 (go)
  - JaCoCo 1.3.0.1538 (jacoco)
  - Kotlin Code Quality and Security 2.12.0.1956 (kotlin)
  - IaC Code Quality and Security 1.11.0.2847 (iac)
  - JavaScript/TypeScript/CSS Code Quality and Security 9.13.0.20537 (javascript)
  - Ruby Code Quality and Security 1.11.0.3905 (ruby)
  - Scala Code Quality and Security 1.11.0.3905 (sonarscala)
  - C# Code Quality and Security 8.51.0.59060 (csharp)
  - Java Code Quality and Security 7.16.0.30901 (java)
  - HTML Code Quality and Security 3.7.1.3306 (web)
  - Flex Code Quality and Security 2.8.0.3166 (flex)
  - XML Code Quality and Security 2.7.0.3820 (xml)
  - PHP Code Quality and Security 3.27.1.9352 (php)
  - Text Code Quality and Security 2.0.1.611 (text)
  - VB.NET Code Quality and Security 8.51.0.59060 (vbnet)
  - Configuration detection fot Code Quality and Security 1.2.0.267 (config)
Global server settings:
  - sonar.core.id=147B411E-AZj58pdNZFA7biEdNbZI
  - sonar.core.startTime=2025-08-30T13:17:50+0530
  - sonar.forceAuthentication=true
Project server settings:
Project scanner properties:
  - sonar.coverage.exclusions=tests/**,node_modules/**,jmeter-tests/**,jmeter/**
  - sonar.exclusions=node_modules/**,coverage/**,tests/**,**/*.test.js,jmeter-tests/**,jmeter/**,postman/**,.scannerwork/**,.sonarqube/**,uploads/**
  - sonar.host.url=http://localhost:9000
  - sonar.javascript.environments=node
  - sonar.javascript.globals=require,exports,module,process
  - sonar.login=******
  - sonar.projectBaseDir=D:\QA project\WEB DEVELOPMENT BACKEND
  - sonar.projectKey=login-signup
  - sonar.projectName=Music Festival Backend
  - sonar.projectVersion=1.0
  - sonar.scanner.app=ScannerCLI
  - sonar.scanner.appVersion=4.7.0.2747
  - sonar.scm.disabled=true
  - sonar.sourceEncoding=UTF-8
  - sonar.sources=Controllers/userController.js
  - sonar.verbose=true
  - sonar.working.directory=D:\QA project\WEB DEVELOPMENT BACKEND\.scannerwork
